<?xml version="1.0" encoding="UTF-8"?>
<!-- Generated by org.testng.reporters.JUnitXMLReporter -->
<testsuite ignored="1" hostname="QT-INHD-LT0811" failures="1" tests="16" name="Surefire test" time="30.068" errors="0" timestamp="2024-06-19T17:17:17 IST">
  <testcase classname="TestNGPracticeTests.ExcelDataProviderTest" name="printUserCerds" time="0.004"/>
  <testcase classname="TestNGPracticeTests.ExcelDataProviderTest" name="printUserCerds" time="0.001"/>
  <testcase classname="TestNGPracticeTests.ExcelDataProviderTest" name="printUserCerds" time="0.001"/>
  <testcase classname="TestNGPracticeTests.ExcelDataProviderTest" name="printUserCerds" time="0.001"/>
  <testcase classname="TestNGPracticeTests.ExcelDataProviderTest" name="printUserCerds" time="0.001"/>
  <testcase classname="TestNGPracticeTests.SecondTest" name="test1" time="8.133"/>
  <testcase classname="TestNGPracticeTests.SecondTest" name="test2" time="12.968"/>
  <testcase classname="TestNGPracticeTests.SecondTest" name="test3" time="6.609"/>
  <testcase classname="TestNGPracticeTests.TestDataProvider1" name="userCreds" time="0.001"/>
  <testcase classname="TestNGPracticeTests.TestDataProvider1" name="userCreds" time="0.0"/>
  <testcase classname="TestNGPracticeTests.TestDataProvider1" name="userCreds" time="0.0"/>
  <testcase classname="TestNGPracticeTests.TestDataProvider1" name="userCreds" time="0.0"/>
  <testcase classname="TestNGPracticeTests.TestListener" name="test1" time="0.0"/>
  <testcase classname="TestNGPracticeTests.TestListener" name="test2" time="1.011">
    <failure type="org.testng.internal.thread.ThreadTimeoutException" message="Method TestNGPracticeTests.TestListener.test2() didn&amp;apos;t finish within the time-out 1000">
      <![CDATA[org.testng.internal.thread.ThreadTimeoutException: Method TestNGPracticeTests.TestListener.test2() didn't finish within the time-out 1000
at java.base/java.util.ArrayList.forEach(ArrayList.java:1511)
... Removed 29 stack frames]]>
    </failure>
  </testcase> <!-- test2 -->
  <testcase classname="TestNGPracticeTests.TestListener" name="test3" time="0.002"/>
  <testcase classname="TestNGPracticeTests.TestngAnnotationsTest" name="test" time="0.0"/>
  <testcase classname="TestNGPracticeTests.FirstTest" name="test1" time="0.0">
    <ignored/>
  </testcase> <!-- test1 -->
</testsuite> <!-- Surefire test -->
