<?xml version="1.0" encoding="UTF-8"?>
<!-- Generated by org.testng.reporters.JUnitXMLReporter -->
<testsuite ignored="2" hostname="QT-INHD-LT0811" failures="0" tests="1" name="TestLogin" time="10.894" errors="0" timestamp="2024-04-30T16:40:59 IST">
  <testcase classname="TestNGPracticeTests.FirstTest" name="test2" time="10.854"/>
  <testcase classname="TestNGPracticeTests.FirstTest" name="test1" time="0.0">
    <ignored/>
  </testcase> <!-- test1 -->
  <testcase classname="TestNGPracticeTests.FirstTest" name="test3" time="0.0">
    <ignored/>
  </testcase> <!-- test3 -->
</testsuite> <!-- TestLogin -->
