<?xml version="1.0" encoding="UTF-8"?>
<!-- Generated by org.testng.reporters.JUnitXMLReporter -->
<testsuite ignored="1" hostname="QT-INHD-LT0811" failures="0" tests="2" name="TestLogin2" time="15.378" errors="0" timestamp="2024-04-30T16:41:15 IST">
  <testcase classname="TestNGPracticeTests.SecondTest" name="test1" time="4.099"/>
  <testcase classname="TestNGPracticeTests.SecondTest" name="test2" time="11.275"/>
  <testcase classname="TestNGPracticeTests.SecondTest" name="test3" time="0.0">
    <ignored/>
  </testcase> <!-- test3 -->
</testsuite> <!-- TestLogin2 -->
