<?xml version="1.0" encoding="UTF-8"?>
<!-- Generated by org.testng.reporters.JUnitXMLReporter -->
<testsuite ignored="8" hostname="QT-INHD-LT0811" failures="0" tests="2" name="groupTesting1" time="0.055" errors="0" timestamp="2024-05-02T17:48:32 IST">
  <testcase classname="TestNGPracticeTests.GroupTests1" name="gpTest15" time="0.012"/>
  <testcase classname="TestNGPracticeTests.GroupTests2" name="gpTest23" time="0.001"/>
  <testcase classname="TestNGPracticeTests.GroupTests1" name="gpTest11" time="0.0">
    <ignored/>
  </testcase> <!-- gpTest11 -->
  <testcase classname="TestNGPracticeTests.GroupTests2" name="gpTest21" time="0.0">
    <ignored/>
  </testcase> <!-- gpTest21 -->
  <testcase classname="TestNGPracticeTests.GroupTests2" name="gpTest25" time="0.0">
    <ignored/>
  </testcase> <!-- gpTest25 -->
  <testcase classname="TestNGPracticeTests.GroupTests2" name="gpTest22" time="0.0">
    <ignored/>
  </testcase> <!-- gpTest22 -->
  <testcase classname="TestNGPracticeTests.GroupTests1" name="gpTest12" time="0.0">
    <ignored/>
  </testcase> <!-- gpTest12 -->
  <testcase classname="TestNGPracticeTests.GroupTests2" name="gpTest24" time="0.0">
    <ignored/>
  </testcase> <!-- gpTest24 -->
  <testcase classname="TestNGPracticeTests.GroupTests1" name="gpTest14" time="0.0">
    <ignored/>
  </testcase> <!-- gpTest14 -->
  <testcase classname="TestNGPracticeTests.GroupTests1" name="gpTest13" time="0.0">
    <ignored/>
  </testcase> <!-- gpTest13 -->
</testsuite> <!-- groupTesting1 -->
