<?xml version="1.0" encoding="UTF-8"?>
<testsuite xmlns:xsi="http://www.w3.org/2001/XMLSchema-instance" xsi:noNamespaceSchemaLocation="https://maven.apache.org/surefire/maven-surefire-plugin/xsd/surefire-test-report-3.0.xsd" version="3.0" name="TestSuite" time="30.553" tests="16" errors="0" skipped="0" failures="1">
  <properties>
[...]
</properties>
  <testcase name="printUserCerds[User1, User@111](1)" classname="TestNGPracticeTests.ExcelDataProviderTest" time="0.004">
    <system-out><![CDATA[Before Suite
Before Test
true
6
5
2
User1
User@111
User2
User@222
User3
User@333
User4
User@444
121
111
Test Started: printUserCerds
username:User1, password:'0User@111
Test Passed: printUserCerds
]]></system-out>
  </testcase>
  <testcase name="printUserCerds[User2, User@222](2)" classname="TestNGPracticeTests.ExcelDataProviderTest" time="0.0">
    <system-out><![CDATA[Test Started: printUserCerds
username:User2, password:'0User@222
Test Passed: printUserCerds
]]></system-out>
  </testcase>
  <testcase name="printUserCerds[User3, User@333](3)" classname="TestNGPracticeTests.ExcelDataProviderTest" time="0.0">
    <system-out><![CDATA[Test Started: printUserCerds
username:User3, password:'0User@333
Test Passed: printUserCerds
]]></system-out>
  </testcase>
  <testcase name="printUserCerds[User4, User@444](4)" classname="TestNGPracticeTests.ExcelDataProviderTest" time="0.0">
    <system-out><![CDATA[Test Started: printUserCerds
username:User4, password:'0User@444
Test Passed: printUserCerds
]]></system-out>
  </testcase>
  <testcase name="printUserCerds[121, 111](5)" classname="TestNGPracticeTests.ExcelDataProviderTest" time="0.0">
    <system-out><![CDATA[Test Started: printUserCerds
username:121, password:'0111
Test Passed: printUserCerds
]]></system-out>
  </testcase>
  <testcase name="test1" classname="TestNGPracticeTests.SecondTest" time="8.124">
    <system-out><![CDATA[Test Started: test1
Test1 Second TEST SUCCESSFUL
Test Passed: test1
]]></system-out>
    <system-err><![CDATA[SLF4J(W): No SLF4J providers were found.
SLF4J(W): Defaulting to no-operation (NOP) logger implementation
SLF4J(W): See https://www.slf4j.org/codes.html#noProviders for further details.
Jun 19, 2024 5:16:53 PM org.openqa.selenium.devtools.CdpVersionFinder findNearestMatch
WARNING: Unable to find an exact match for CDP version 125, returning the closest version; found: 122; Please update to a Selenium version that supports CDP version 125
]]></system-err>
  </testcase>
  <testcase name="test2" classname="TestNGPracticeTests.SecondTest" time="12.967">
    <system-out><![CDATA[Test Started: test2
Test2 Second TEST SUCCESSFUL
Test Passed: test2
]]></system-out>
    <system-err><![CDATA[Jun 19, 2024 5:16:58 PM org.openqa.selenium.devtools.CdpVersionFinder findNearestMatch
WARNING: Unable to find an exact match for CDP version 125, returning the closest version; found: 122; Please update to a Selenium version that supports CDP version 125
]]></system-err>
  </testcase>
  <testcase name="test3" classname="TestNGPracticeTests.SecondTest" time="6.6">
    <system-out><![CDATA[Test Started: test3
Test3 Second TEST SUCCESSFUL
Test Passed: test3
]]></system-out>
    <system-err><![CDATA[Jun 19, 2024 5:17:10 PM org.openqa.selenium.devtools.CdpVersionFinder findNearestMatch
WARNING: Unable to find an exact match for CDP version 125, returning the closest version; found: 122; Please update to a Selenium version that supports CDP version 125
]]></system-err>
  </testcase>
  <testcase name="userCreds[abc, Abc@1](1)" classname="TestNGPracticeTests.TestDataProvider1" time="0.0">
    <system-out><![CDATA[Test Started: userCreds
abc - Abc@1
Test Passed: userCreds
]]></system-out>
  </testcase>
  <testcase name="userCreds[cde, Cde@2](2)" classname="TestNGPracticeTests.TestDataProvider1" time="0.0">
    <system-out><![CDATA[Test Started: userCreds
cde - Cde@2
Test Passed: userCreds
]]></system-out>
  </testcase>
  <testcase name="userCreds[fgh, Fgh@3](3)" classname="TestNGPracticeTests.TestDataProvider1" time="0.0">
    <system-out><![CDATA[Test Started: userCreds
fgh - Fgh@3
Test Passed: userCreds
]]></system-out>
  </testcase>
  <testcase name="userCreds[ijk, Ijk@4](4)" classname="TestNGPracticeTests.TestDataProvider1" time="0.0">
    <system-out><![CDATA[Test Started: userCreds
ijk - Ijk@4
Test Passed: userCreds
]]></system-out>
  </testcase>
  <testcase name="test1" classname="TestNGPracticeTests.TestListener" time="0.0">
    <system-out><![CDATA[Test Started: test1
Test case1
Test Passed: test1
]]></system-out>
  </testcase>
  <testcase name="test2" classname="TestNGPracticeTests.TestListener" time="1.026">
    <failure message="Method TestNGPracticeTests.TestListener.test2() didn&apos;t finish within the time-out 1000" type="org.testng.internal.thread.ThreadTimeoutException"><![CDATA[org.testng.internal.thread.ThreadTimeoutException: Method TestNGPracticeTests.TestListener.test2() didn't finish within the time-out 1000
	at org.testng.internal.MethodInvocationHelper.invokeWithTimeoutWithNewExecutor(MethodInvocationHelper.java:371)
	at org.testng.internal.MethodInvocationHelper.invokeWithTimeout(MethodInvocationHelper.java:282)
	at org.testng.internal.TestInvoker.invokeMethod(TestInvoker.java:605)
	at org.testng.internal.TestInvoker.invokeTestMethod(TestInvoker.java:174)
	at org.testng.internal.MethodRunner.runInSequence(MethodRunner.java:46)
	at org.testng.internal.TestInvoker$MethodInvocationAgent.invoke(TestInvoker.java:822)
	at org.testng.internal.TestInvoker.invokeTestMethods(TestInvoker.java:147)
	at org.testng.internal.TestMethodWorker.invokeTestMethods(TestMethodWorker.java:146)
	at org.testng.internal.TestMethodWorker.run(TestMethodWorker.java:128)
	at java.base/java.util.ArrayList.forEach(ArrayList.java:1511)
	at org.testng.TestRunner.privateRun(TestRunner.java:764)
	at org.testng.TestRunner.run(TestRunner.java:585)
	at org.testng.SuiteRunner.runTest(SuiteRunner.java:384)
	at org.testng.SuiteRunner.runSequentially(SuiteRunner.java:378)
	at org.testng.SuiteRunner.privateRun(SuiteRunner.java:337)
	at org.testng.SuiteRunner.run(SuiteRunner.java:286)
	at org.testng.SuiteRunnerWorker.runSuite(SuiteRunnerWorker.java:53)
	at org.testng.SuiteRunnerWorker.run(SuiteRunnerWorker.java:96)
	at org.testng.TestNG.runSuitesSequentially(TestNG.java:1218)
	at org.testng.TestNG.runSuitesLocally(TestNG.java:1140)
	at org.testng.TestNG.runSuites(TestNG.java:1069)
	at org.testng.TestNG.run(TestNG.java:1037)
	at org.apache.maven.surefire.testng.TestNGExecutor.run(TestNGExecutor.java:155)
	at org.apache.maven.surefire.testng.TestNGDirectoryTestSuite.executeMulti(TestNGDirectoryTestSuite.java:169)
	at org.apache.maven.surefire.testng.TestNGDirectoryTestSuite.execute(TestNGDirectoryTestSuite.java:88)
	at org.apache.maven.surefire.testng.TestNGProvider.invoke(TestNGProvider.java:137)
	at org.apache.maven.surefire.booter.ForkedBooter.runSuitesInProcess(ForkedBooter.java:385)
	at org.apache.maven.surefire.booter.ForkedBooter.execute(ForkedBooter.java:162)
	at org.apache.maven.surefire.booter.ForkedBooter.run(ForkedBooter.java:507)
	at org.apache.maven.surefire.booter.ForkedBooter.main(ForkedBooter.java:495)
]]></failure>
    <system-out><![CDATA[Test Started: test2
Test Failed: test2
]]></system-out>
  </testcase>
  <testcase name="test3" classname="TestNGPracticeTests.TestListener" time="0.001">
    <system-out><![CDATA[Test Started: test3
Test case3
Test Passed: test3
]]></system-out>
  </testcase>
  <testcase name="test" classname="TestNGPracticeTests.TestngAnnotationsTest" time="0.0">
    <system-out><![CDATA[Before Class
Before Method
Test Started: test
TEST
Test Passed: test
]]></system-out>
  </testcase>
</testsuite>