<?xml version="1.0" encoding="UTF-8"?>
<!-- Generated by org.testng.reporters.JUnitXMLReporter -->
<testsuite ignored="3" hostname="QT-INHD-LT0811" failures="0" tests="4" name="TestngAnnotations2" time="0.056" errors="0" timestamp="2024-05-02T16:19:29 IST">
  <testcase classname="TestNGPracticeTests.TestngAnnotationsTest" name="test" time="0.006"/>
  <testcase classname="TestNGPracticeTests.ParametrizedTests1" name="PT1_1" time="0.004"/>
  <testcase classname="TestNGPracticeTests.ParametrizedTests1" name="PT1_2" time="0.002"/>
  <testcase classname="TestNGPracticeTests.ParametrizedTests1" name="PT1_3" time="0.003"/>
  <testcase classname="TestNGPracticeTests.ParameterizedTests2" name="PT2_2" time="0.0">
    <ignored/>
  </testcase> <!-- PT2_2 -->
  <testcase classname="TestNGPracticeTests.ParameterizedTests2" name="PT2_3" time="0.0">
    <ignored/>
  </testcase> <!-- PT2_3 -->
  <testcase classname="TestNGPracticeTests.ParameterizedTests2" name="PT2_1" time="0.0">
    <ignored/>
  </testcase> <!-- PT2_1 -->
</testsuite> <!-- TestngAnnotations2 -->
