<?xml version="1.0" encoding="UTF-8"?>
<!-- Generated by org.testng.reporters.JUnitXMLReporter -->
<testsuite ignored="2" hostname="QT-INHD-LT0811" failures="0" tests="5" name="TestngAnnotations1" time="0.066" errors="0" timestamp="2024-05-02T15:44:55 IST">
  <testcase classname="TestNGPracticeTests.TestngAnnotationsTest" name="test" time="0.005"/>
  <testcase classname="TestNGPracticeTests.ParametrizedTests1" name="PT1_1" time="0.005"/>
  <testcase classname="TestNGPracticeTests.ParametrizedTests1" name="PT1_2" time="0.003"/>
  <testcase classname="TestNGPracticeTests.ParametrizedTests1" name="PT1_3" time="0.001"/>
  <testcase classname="TestNGPracticeTests.ParameterizedTests2" name="PT2_1" time="0.001"/>
  <testcase classname="TestNGPracticeTests.ParameterizedTests2" name="PT2_2" time="0.0">
    <ignored/>
  </testcase> <!-- PT2_2 -->
  <testcase classname="TestNGPracticeTests.ParameterizedTests2" name="PT2_3" time="0.0">
    <ignored/>
  </testcase> <!-- PT2_3 -->
</testsuite> <!-- TestngAnnotations1 -->
