<?xml version="1.0" encoding="UTF-8"?>
<!-- Generated by org.testng.reporters.JUnitReportReporter -->
<testsuite hostname="QT-INHD-LT0811" failures="1" tests="1" name="CucumberTestNG.GreenkartTestRunner" time="14.213" errors="0" timestamp="2024-04-24T15:39:10 IST" skipped="0">
  <testcase classname="CucumberTestNG.GreenkartTestRunner" name="runScenario" time="14.213">
    <failure message="expected [Beetroot] but found [No data]" type="java.lang.AssertionError">
      <![CDATA[java.lang.AssertionError: expected [Beetroot] but found [No data]
at org.testng.Assert.fail(Assert.java:99)
at org.testng.Assert.failNotEquals(Assert.java:1037)
at org.testng.Assert.assertEqualsImpl(Assert.java:140)
at org.testng.Assert.assertEquals(Assert.java:122)
at org.testng.Assert.assertEquals(Assert.java:629)
at org.testng.Assert.assertEquals(Assert.java:639)
at PageObjects.OffersPageObjects.verifyProduct(OffersPageObjects.java:24)
at StepDefinations.OffersPageSD.user_search_for_product_using_short_name_in_offers_page_and_check_if_product_exist(OffersPageSD.java:40)
at ✽.user search for product using short name Beet in offers page and check if product exist(file:///C:/Users/sreenivasa.maram/eclipse-workspace/Automation/src/test/java/features/SearchProduct.feature:8)
]]>
    </failure>
  </testcase> <!-- runScenario -->
  <system-out/>
</testsuite> <!-- CucumberTestNG.GreenkartTestRunner -->
